# JRE version: OpenJDK Runtime Environment (8.0_152-b01) (build 1.8.0_152-release-1343-b01)
# Java VM: OpenJDK 64-Bit Server VM (25.152-b01 mixed mode windows-amd64 compressed oops)
Heap:
 PSYoungGen      total 460288K, used 357894K [0x00000000d5580000, 0x00000000f3180000, 0x0000000100000000)
  eden space 444416K, 78% used [0x00000000d5580000,0x00000000eac49a80,0x00000000f0780000)
  from space 15872K, 43% used [0x00000000f2200000,0x00000000f28b8020,0x00000000f3180000)
  to   space 21504K, 0% used [0x00000000f0780000,0x00000000f0780000,0x00000000f1c80000)
 ParOldGen       total 123392K, used 81795K [0x0000000080000000, 0x0000000087880000, 0x00000000d5580000)
  object space 123392K, 66% used [0x0000000080000000,0x0000000084fe0d70,0x0000000087880000)
 Metaspace       used 81542K, capacity 86190K, committed 86420K, reserved 1124352K
  class space    used 10809K, capacity 11592K, committed 11708K, reserved 1048576K
GC Heap History (10 events):
Event: 27.274 GC heap before
{Heap before GC invocations=19 (full 3):
 PSYoungGen      total 231424K, used 13011K [0x00000000d5580000, 0x00000000e7880000, 0x0000000100000000)
  eden space 205824K, 0% used [0x00000000d5580000,0x00000000d563c018,0x00000000e1e80000)
  from space 25600K, 47% used [0x00000000e1e80000,0x00000000e2a78d78,0x00000000e3780000)
  to   space 24576K, 0% used [0x00000000e6080000,0x00000000e6080000,0x00000000e7880000)
 ParOldGen       total 123392K, used 60561K [0x0000000080000000, 0x0000000087880000, 0x00000000d5580000)
  object space 123392K, 49% used [0x0000000080000000,0x0000000083b24780,0x0000000087880000)
 Metaspace       used 78383K, capacity 82300K, committed 82324K, reserved 1120256K
  class space    used 10485K, capacity 11187K, committed 11196K, reserved 1048576K
Event: 27.286 GC heap after
Heap after GC invocations=19 (full 3):
 PSYoungGen      total 274432K, used 12156K [0x00000000d5580000, 0x00000000ebb80000, 0x0000000100000000)
  eden space 249856K, 0% used [0x00000000d5580000,0x00000000d5580000,0x00000000e4980000)
  from space 24576K, 49% used [0x00000000e6080000,0x00000000e6c5f1d0,0x00000000e7880000)
  to   space 23552K, 0% used [0x00000000e4980000,0x00000000e4980000,0x00000000e6080000)
 ParOldGen       total 123392K, used 60561K [0x0000000080000000, 0x0000000087880000, 0x00000000d5580000)
  object space 123392K, 49% used [0x0000000080000000,0x0000000083b24780,0x0000000087880000)
 Metaspace       used 78383K, capacity 82300K, committed 82324K, reserved 1120256K
  class space    used 10485K, capacity 11187K, committed 11196K, reserved 1048576K
}
Event: 28.068 GC heap before
{Heap before GC invocations=20 (full 3):
 PSYoungGen      total 274432K, used 262012K [0x00000000d5580000, 0x00000000ebb80000, 0x0000000100000000)
  eden space 249856K, 100% used [0x00000000d5580000,0x00000000e4980000,0x00000000e4980000)
  from space 24576K, 49% used [0x00000000e6080000,0x00000000e6c5f1d0,0x00000000e7880000)
  to   space 23552K, 0% used [0x00000000e4980000,0x00000000e4980000,0x00000000e6080000)
 ParOldGen       total 123392K, used 60561K [0x0000000080000000, 0x0000000087880000, 0x00000000d5580000)
  object space 123392K, 49% used [0x0000000080000000,0x0000000083b24780,0x0000000087880000)
 Metaspace       used 78951K, capacity 82980K, committed 83220K, reserved 1122304K
  class space    used 10521K, capacity 11215K, committed 11324K, reserved 1048576K
Event: 28.081 GC heap after
Heap after GC invocations=20 (full 3):
 PSYoungGen      total 273408K, used 4598K [0x00000000d5580000, 0x00000000ecf00000, 0x0000000100000000)
  eden space 249856K, 0% used [0x00000000d5580000,0x00000000d5580000,0x00000000e4980000)
  from space 23552K, 19% used [0x00000000e4980000,0x00000000e4dfd9d0,0x00000000e6080000)
  to   space 23552K, 0% used [0x00000000eb800000,0x00000000eb800000,0x00000000ecf00000)
 ParOldGen       total 123392K, used 68360K [0x0000000080000000, 0x0000000087880000, 0x00000000d5580000)
  object space 123392K, 55% used [0x0000000080000000,0x00000000842c2298,0x0000000087880000)
 Metaspace       used 78951K, capacity 82980K, committed 83220K, reserved 1122304K
  class space    used 10521K, capacity 11215K, committed 11324K, reserved 1048576K
}
Event: 28.664 GC heap before
{Heap before GC invocations=21 (full 3):
 PSYoungGen      total 273408K, used 254454K [0x00000000d5580000, 0x00000000ecf00000, 0x0000000100000000)
  eden space 249856K, 100% used [0x00000000d5580000,0x00000000e4980000,0x00000000e4980000)
  from space 23552K, 19% used [0x00000000e4980000,0x00000000e4dfd9d0,0x00000000e6080000)
  to   space 23552K, 0% used [0x00000000eb800000,0x00000000eb800000,0x00000000ecf00000)
 ParOldGen       total 123392K, used 68360K [0x0000000080000000, 0x0000000087880000, 0x00000000d5580000)
  object space 123392K, 55% used [0x0000000080000000,0x00000000842c2298,0x0000000087880000)
 Metaspace       used 79277K, capacity 83378K, committed 83476K, reserved 1122304K
  class space    used 10559K, capacity 11298K, committed 11324K, reserved 1048576K
Event: 28.678 GC heap after
Heap after GC invocations=21 (full 3):
 PSYoungGen      total 355840K, used 7648K [0x00000000d5580000, 0x00000000eca80000, 0x0000000100000000)
  eden space 336896K, 0% used [0x00000000d5580000,0x00000000d5580000,0x00000000e9e80000)
  from space 18944K, 40% used [0x00000000eb800000,0x00000000ebf78010,0x00000000eca80000)
  to   space 22528K, 0% used [0x00000000e9e80000,0x00000000e9e80000,0x00000000eb480000)
 ParOldGen       total 123392K, used 72622K [0x0000000080000000, 0x0000000087880000, 0x00000000d5580000)
  object space 123392K, 58% used [0x0000000080000000,0x00000000846eba98,0x0000000087880000)
 Metaspace       used 79277K, capacity 83378K, committed 83476K, reserved 1122304K
  class space    used 10559K, capacity 11298K, committed 11324K, reserved 1048576K
}
Event: 29.727 GC heap before
{Heap before GC invocations=22 (full 3):
 PSYoungGen      total 355840K, used 344544K [0x00000000d5580000, 0x00000000eca80000, 0x0000000100000000)
  eden space 336896K, 100% used [0x00000000d5580000,0x00000000e9e80000,0x00000000e9e80000)
  from space 18944K, 40% used [0x00000000eb800000,0x00000000ebf78010,0x00000000eca80000)
  to   space 22528K, 0% used [0x00000000e9e80000,0x00000000e9e80000,0x00000000eb480000)
 ParOldGen       total 123392K, used 72622K [0x0000000080000000, 0x0000000087880000, 0x00000000d5580000)
  object space 123392K, 58% used [0x0000000080000000,0x00000000846eba98,0x0000000087880000)
 Metaspace       used 79436K, capacity 83584K, committed 83732K, reserved 1122304K
  class space    used 10569K, capacity 11313K, committed 11324K, reserved 1048576K
Event: 29.738 GC heap after
Heap after GC invocations=22 (full 3):
 PSYoungGen      total 359424K, used 6652K [0x00000000d5580000, 0x00000000f3780000, 0x0000000100000000)
  eden space 336896K, 0% used [0x00000000d5580000,0x00000000d5580000,0x00000000e9e80000)
  from space 22528K, 29% used [0x00000000e9e80000,0x00000000ea4ff288,0x00000000eb480000)
  to   space 22016K, 0% used [0x00000000f2200000,0x00000000f2200000,0x00000000f3780000)
 ParOldGen       total 123392K, used 76114K [0x0000000080000000, 0x0000000087880000, 0x00000000d5580000)
  object space 123392K, 61% used [0x0000000080000000,0x0000000084a54ad8,0x0000000087880000)
 Metaspace       used 79436K, capacity 83584K, committed 83732K, reserved 1122304K
  class space    used 10569K, capacity 11313K, committed 11324K, reserved 1048576K
}
Event: 30.897 GC heap before
{Heap before GC invocations=23 (full 3):
 PSYoungGen      total 359424K, used 343548K [0x00000000d5580000, 0x00000000f3780000, 0x0000000100000000)
  eden space 336896K, 100% used [0x00000000d5580000,0x00000000e9e80000,0x00000000e9e80000)
  from space 22528K, 29% used [0x00000000e9e80000,0x00000000ea4ff288,0x00000000eb480000)
  to   space 22016K, 0% used [0x00000000f2200000,0x00000000f2200000,0x00000000f3780000)
 ParOldGen       total 123392K, used 76114K [0x0000000080000000, 0x0000000087880000, 0x00000000d5580000)
  object space 123392K, 61% used [0x0000000080000000,0x0000000084a54ad8,0x0000000087880000)
 Metaspace       used 79519K, capacity 83718K, committed 83732K, reserved 1122304K
  class space    used 10570K, capacity 11314K, committed 11324K, reserved 1048576K
Event: 30.914 GC heap after
Heap after GC invocations=23 (full 3):
 PSYoungGen      total 460288K, used 6880K [0x00000000d5580000, 0x00000000f3180000, 0x0000000100000000)
  eden space 444416K, 0% used [0x00000000d5580000,0x00000000d5580000,0x00000000f0780000)
  from space 15872K, 43% used [0x00000000f2200000,0x00000000f28b8020,0x00000000f3180000)
  to   space 21504K, 0% used [0x00000000f0780000,0x00000000f0780000,0x00000000f1c80000)
 ParOldGen       total 123392K, used 81795K [0x0000000080000000, 0x0000000087880000, 0x00000000d5580000)
  object space 123392K, 66% used [0x0000000080000000,0x0000000084fe0d70,0x0000000087880000)
 Metaspace       used 79519K, capacity 83718K, committed 83732K, reserved 1122304K
  class space    used 10570K, capacity 11314K, committed 11324K, reserved 1048576K
}

