# JRE version: OpenJDK Runtime Environment (8.0_152-b01) (build 1.8.0_152-release-1343-b01)
# Java VM: OpenJDK 64-Bit Server VM (25.152-b01 mixed mode windows-amd64 compressed oops)
Heap:
 PSYoungGen      total 362496K, used 322880K [0x00000000d5580000, 0x00000000ee800000, 0x0000000100000000)
  eden space 320000K, 97% used [0x00000000d5580000,0x00000000e8504060,0x00000000e8e00000)
  from space 42496K, 28% used [0x00000000ebe80000,0x00000000eca4c090,0x00000000ee800000)
  to   space 46080K, 0% used [0x00000000e8e00000,0x00000000e8e00000,0x00000000ebb00000)
 ParOldGen       total 218112K, used 84542K [0x0000000080000000, 0x000000008d500000, 0x00000000d5580000)
  object space 218112K, 38% used [0x0000000080000000,0x000000008528f960,0x000000008d500000)
 Metaspace       used 95871K, capacity 100104K, committed 101196K, reserved 1138688K
  class space    used 11919K, capacity 12685K, committed 12928K, reserved 1048576K
GC Heap History (10 events):
Event: 1905.643 GC heap before
{Heap before GC invocations=24 (full 3):
 PSYoungGen      total 239104K, used 173328K [0x00000000d5580000, 0x00000000e7d80000, 0x0000000100000000)
  eden space 203776K, 70% used [0x00000000d5580000,0x00000000de142068,0x00000000e1c80000)
  from space 35328K, 85% used [0x00000000e4580000,0x00000000e6301fc8,0x00000000e6800000)
  to   space 41984K, 0% used [0x00000000e1c80000,0x00000000e1c80000,0x00000000e4580000)
 ParOldGen       total 155136K, used 71053K [0x0000000080000000, 0x0000000089780000, 0x00000000d5580000)
  object space 155136K, 45% used [0x0000000080000000,0x0000000084563600,0x0000000089780000)
 Metaspace       used 93476K, capacity 98336K, committed 98636K, reserved 1134592K
  class space    used 11740K, capacity 12581K, committed 12672K, reserved 1048576K
Event: 1905.680 GC heap after
Heap after GC invocations=24 (full 3):
 PSYoungGen      total 245760K, used 32134K [0x00000000d5580000, 0x00000000e9700000, 0x0000000100000000)
  eden space 203776K, 0% used [0x00000000d5580000,0x00000000d5580000,0x00000000e1c80000)
  from space 41984K, 76% used [0x00000000e1c80000,0x00000000e3be1b10,0x00000000e4580000)
  to   space 44544K, 0% used [0x00000000e6b80000,0x00000000e6b80000,0x00000000e9700000)
 ParOldGen       total 155136K, used 71053K [0x0000000080000000, 0x0000000089780000, 0x00000000d5580000)
  object space 155136K, 45% used [0x0000000080000000,0x0000000084563600,0x0000000089780000)
 Metaspace       used 93476K, capacity 98336K, committed 98636K, reserved 1134592K
  class space    used 11740K, capacity 12581K, committed 12672K, reserved 1048576K
}
Event: 1906.033 GC heap before
{Heap before GC invocations=25 (full 3):
 PSYoungGen      total 245760K, used 79804K [0x00000000d5580000, 0x00000000e9700000, 0x0000000100000000)
  eden space 203776K, 23% used [0x00000000d5580000,0x00000000d840d890,0x00000000e1c80000)
  from space 41984K, 76% used [0x00000000e1c80000,0x00000000e3be1b10,0x00000000e4580000)
  to   space 44544K, 0% used [0x00000000e6b80000,0x00000000e6b80000,0x00000000e9700000)
 ParOldGen       total 155136K, used 71053K [0x0000000080000000, 0x0000000089780000, 0x00000000d5580000)
  object space 155136K, 45% used [0x0000000080000000,0x0000000084563600,0x0000000089780000)
 Metaspace       used 93835K, capacity 98624K, committed 98712K, reserved 1136640K
  class space    used 11772K, capacity 12613K, committed 12672K, reserved 1048576K
Event: 1906.396 GC heap after
Heap after GC invocations=25 (full 3):
 PSYoungGen      total 282112K, used 33613K [0x00000000d5580000, 0x00000000ebf80000, 0x0000000100000000)
  eden space 237568K, 0% used [0x00000000d5580000,0x00000000d5580000,0x00000000e3d80000)
  from space 44544K, 75% used [0x00000000e6b80000,0x00000000e8c53630,0x00000000e9700000)
  to   space 47104K, 0% used [0x00000000e3d80000,0x00000000e3d80000,0x00000000e6b80000)
 ParOldGen       total 155136K, used 71053K [0x0000000080000000, 0x0000000089780000, 0x00000000d5580000)
  object space 155136K, 45% used [0x0000000080000000,0x0000000084563600,0x0000000089780000)
 Metaspace       used 93835K, capacity 98624K, committed 98712K, reserved 1136640K
  class space    used 11772K, capacity 12613K, committed 12672K, reserved 1048576K
}
Event: 1906.398 GC heap before
{Heap before GC invocations=26 (full 4):
 PSYoungGen      total 282112K, used 33613K [0x00000000d5580000, 0x00000000ebf80000, 0x0000000100000000)
  eden space 237568K, 0% used [0x00000000d5580000,0x00000000d5580000,0x00000000e3d80000)
  from space 44544K, 75% used [0x00000000e6b80000,0x00000000e8c53630,0x00000000e9700000)
  to   space 47104K, 0% used [0x00000000e3d80000,0x00000000e3d80000,0x00000000e6b80000)
 ParOldGen       total 155136K, used 71053K [0x0000000080000000, 0x0000000089780000, 0x00000000d5580000)
  object space 155136K, 45% used [0x0000000080000000,0x0000000084563600,0x0000000089780000)
 Metaspace       used 93835K, capacity 98624K, committed 98712K, reserved 1136640K
  class space    used 11772K, capacity 12613K, committed 12672K, reserved 1048576K
Event: 1907.590 GC heap after
Heap after GC invocations=26 (full 4):
 PSYoungGen      total 282112K, used 0K [0x00000000d5580000, 0x00000000ebf80000, 0x0000000100000000)
  eden space 237568K, 0% used [0x00000000d5580000,0x00000000d5580000,0x00000000e3d80000)
  from space 44544K, 0% used [0x00000000e6b80000,0x00000000e6b80000,0x00000000e9700000)
  to   space 47104K, 0% used [0x00000000e3d80000,0x00000000e3d80000,0x00000000e6b80000)
 ParOldGen       total 218112K, used 84526K [0x0000000080000000, 0x000000008d500000, 0x00000000d5580000)
  object space 218112K, 38% used [0x0000000080000000,0x000000008528b960,0x000000008d500000)
 Metaspace       used 93494K, capacity 97648K, committed 98712K, reserved 1136640K
  class space    used 11660K, capacity 12419K, committed 12672K, reserved 1048576K
}
Event: 1909.393 GC heap before
{Heap before GC invocations=27 (full 4):
 PSYoungGen      total 282112K, used 237568K [0x00000000d5580000, 0x00000000ebf80000, 0x0000000100000000)
  eden space 237568K, 100% used [0x00000000d5580000,0x00000000e3d80000,0x00000000e3d80000)
  from space 44544K, 0% used [0x00000000e6b80000,0x00000000e6b80000,0x00000000e9700000)
  to   space 47104K, 0% used [0x00000000e3d80000,0x00000000e3d80000,0x00000000e6b80000)
 ParOldGen       total 218112K, used 84526K [0x0000000080000000, 0x000000008d500000, 0x00000000d5580000)
  object space 218112K, 38% used [0x0000000080000000,0x000000008528b960,0x000000008d500000)
 Metaspace       used 93957K, capacity 98172K, committed 99352K, reserved 1136640K
  class space    used 11715K, capacity 12483K, committed 12800K, reserved 1048576K
Event: 1909.431 GC heap after
Heap after GC invocations=27 (full 4):
 PSYoungGen      total 284672K, used 4960K [0x00000000d5580000, 0x00000000eed00000, 0x0000000100000000)
  eden space 237568K, 0% used [0x00000000d5580000,0x00000000d5580000,0x00000000e3d80000)
  from space 47104K, 10% used [0x00000000e3d80000,0x00000000e4258000,0x00000000e6b80000)
  to   space 47616K, 0% used [0x00000000ebe80000,0x00000000ebe80000,0x00000000eed00000)
 ParOldGen       total 218112K, used 84534K [0x0000000080000000, 0x000000008d500000, 0x00000000d5580000)
  object space 218112K, 38% used [0x0000000080000000,0x000000008528d960,0x000000008d500000)
 Metaspace       used 93957K, capacity 98172K, committed 99352K, reserved 1136640K
  class space    used 11715K, capacity 12483K, committed 12800K, reserved 1048576K
}
Event: 1911.117 GC heap before
{Heap before GC invocations=28 (full 4):
 PSYoungGen      total 284672K, used 242528K [0x00000000d5580000, 0x00000000eed00000, 0x0000000100000000)
  eden space 237568K, 100% used [0x00000000d5580000,0x00000000e3d80000,0x00000000e3d80000)
  from space 47104K, 10% used [0x00000000e3d80000,0x00000000e4258000,0x00000000e6b80000)
  to   space 47616K, 0% used [0x00000000ebe80000,0x00000000ebe80000,0x00000000eed00000)
 ParOldGen       total 218112K, used 84534K [0x0000000080000000, 0x000000008d500000, 0x00000000d5580000)
  object space 218112K, 38% used [0x0000000080000000,0x000000008528d960,0x000000008d500000)
 Metaspace       used 94138K, capacity 98338K, committed 99608K, reserved 1136640K
  class space    used 11741K, capacity 12516K, committed 12800K, reserved 1048576K
Event: 1911.174 GC heap after
Heap after GC invocations=28 (full 4):
 PSYoungGen      total 362496K, used 12080K [0x00000000d5580000, 0x00000000ee800000, 0x0000000100000000)
  eden space 320000K, 0% used [0x00000000d5580000,0x00000000d5580000,0x00000000e8e00000)
  from space 42496K, 28% used [0x00000000ebe80000,0x00000000eca4c090,0x00000000ee800000)
  to   space 46080K, 0% used [0x00000000e8e00000,0x00000000e8e00000,0x00000000ebb00000)
 ParOldGen       total 218112K, used 84542K [0x0000000080000000, 0x000000008d500000, 0x00000000d5580000)
  object space 218112K, 38% used [0x0000000080000000,0x000000008528f960,0x000000008d500000)
 Metaspace       used 94138K, capacity 98338K, committed 99608K, reserved 1136640K
  class space    used 11741K, capacity 12516K, committed 12800K, reserved 1048576K
}

