# JRE version: OpenJDK Runtime Environment (8.0_152-b01) (build 1.8.0_152-release-1343-b01)
# Java VM: OpenJDK 64-Bit Server VM (25.152-b01 mixed mode windows-amd64 compressed oops)
Heap:
 PSYoungGen      total 253440K, used 130373K [0x00000000d5580000, 0x00000000e8e80000, 0x0000000100000000)
  eden space 230400K, 48% used [0x00000000d5580000,0x00000000dc22e968,0x00000000e3680000)
  from space 23040K, 82% used [0x00000000e3680000,0x00000000e4922bb0,0x00000000e4d00000)
  to   space 24576K, 0% used [0x00000000e7680000,0x00000000e7680000,0x00000000e8e80000)
 ParOldGen       total 133632K, used 26947K [0x0000000080000000, 0x0000000088280000, 0x00000000d5580000)
  object space 133632K, 20% used [0x0000000080000000,0x0000000081a50d40,0x0000000088280000)
 Metaspace       used 77981K, capacity 81770K, committed 81880K, reserved 1120256K
  class space    used 10529K, capacity 11243K, committed 11264K, reserved 1048576K
GC Heap History (10 events):
Event: 18.207 GC heap before
{Heap before GC invocations=12 (full 2):
 PSYoungGen      total 175616K, used 25905K [0x00000000d5580000, 0x00000000e3480000, 0x0000000100000000)
  eden space 161792K, 7% used [0x00000000d5580000,0x00000000d614f960,0x00000000df380000)
  from space 13824K, 99% used [0x00000000df380000,0x00000000e00fcc68,0x00000000e0100000)
  to   space 18432K, 0% used [0x00000000e2280000,0x00000000e2280000,0x00000000e3480000)
 ParOldGen       total 97792K, used 25106K [0x0000000080000000, 0x0000000085f80000, 0x00000000d5580000)
  object space 97792K, 25% used [0x0000000080000000,0x0000000081884b68,0x0000000085f80000)
 Metaspace       used 56641K, capacity 58910K, committed 58968K, reserved 1099776K
  class space    used 7568K, capacity 8026K, committed 8064K, reserved 1048576K
Event: 18.239 GC heap after
Heap after GC invocations=12 (full 2):
 PSYoungGen      total 208896K, used 14035K [0x00000000d5580000, 0x00000000e4380000, 0x0000000100000000)
  eden space 190464K, 0% used [0x00000000d5580000,0x00000000d5580000,0x00000000e0f80000)
  from space 18432K, 76% used [0x00000000e2280000,0x00000000e3034fd8,0x00000000e3480000)
  to   space 19456K, 0% used [0x00000000e0f80000,0x00000000e0f80000,0x00000000e2280000)
 ParOldGen       total 97792K, used 25114K [0x0000000080000000, 0x0000000085f80000, 0x00000000d5580000)
  object space 97792K, 25% used [0x0000000080000000,0x0000000081886b68,0x0000000085f80000)
 Metaspace       used 56641K, capacity 58910K, committed 58968K, reserved 1099776K
  class space    used 7568K, capacity 8026K, committed 8064K, reserved 1048576K
}
Event: 18.239 GC heap before
{Heap before GC invocations=13 (full 3):
 PSYoungGen      total 208896K, used 14035K [0x00000000d5580000, 0x00000000e4380000, 0x0000000100000000)
  eden space 190464K, 0% used [0x00000000d5580000,0x00000000d5580000,0x00000000e0f80000)
  from space 18432K, 76% used [0x00000000e2280000,0x00000000e3034fd8,0x00000000e3480000)
  to   space 19456K, 0% used [0x00000000e0f80000,0x00000000e0f80000,0x00000000e2280000)
 ParOldGen       total 97792K, used 25114K [0x0000000080000000, 0x0000000085f80000, 0x00000000d5580000)
  object space 97792K, 25% used [0x0000000080000000,0x0000000081886b68,0x0000000085f80000)
 Metaspace       used 56641K, capacity 58910K, committed 58968K, reserved 1099776K
  class space    used 7568K, capacity 8026K, committed 8064K, reserved 1048576K
Event: 18.530 GC heap after
Heap after GC invocations=13 (full 3):
 PSYoungGen      total 208896K, used 0K [0x00000000d5580000, 0x00000000e4380000, 0x0000000100000000)
  eden space 190464K, 0% used [0x00000000d5580000,0x00000000d5580000,0x00000000e0f80000)
  from space 18432K, 0% used [0x00000000e2280000,0x00000000e2280000,0x00000000e3480000)
  to   space 19456K, 0% used [0x00000000e0f80000,0x00000000e0f80000,0x00000000e2280000)
 ParOldGen       total 133632K, used 26923K [0x0000000080000000, 0x0000000088280000, 0x00000000d5580000)
  object space 133632K, 20% used [0x0000000080000000,0x0000000081a4ad40,0x0000000088280000)
 Metaspace       used 56614K, capacity 58820K, committed 58968K, reserved 1099776K
  class space    used 7560K, capacity 8011K, committed 8064K, reserved 1048576K
}
Event: 24.809 GC heap before
{Heap before GC invocations=14 (full 3):
 PSYoungGen      total 208896K, used 190464K [0x00000000d5580000, 0x00000000e4380000, 0x0000000100000000)
  eden space 190464K, 100% used [0x00000000d5580000,0x00000000e0f80000,0x00000000e0f80000)
  from space 18432K, 0% used [0x00000000e2280000,0x00000000e2280000,0x00000000e3480000)
  to   space 19456K, 0% used [0x00000000e0f80000,0x00000000e0f80000,0x00000000e2280000)
 ParOldGen       total 133632K, used 26923K [0x0000000080000000, 0x0000000088280000, 0x00000000d5580000)
  object space 133632K, 20% used [0x0000000080000000,0x0000000081a4ad40,0x0000000088280000)
 Metaspace       used 65960K, capacity 69262K, committed 69464K, reserved 1110016K
  class space    used 8960K, capacity 9538K, committed 9600K, reserved 1048576K
Event: 24.829 GC heap after
Heap after GC invocations=14 (full 3):
 PSYoungGen      total 209920K, used 18288K [0x00000000d5580000, 0x00000000e6480000, 0x0000000100000000)
  eden space 190464K, 0% used [0x00000000d5580000,0x00000000d5580000,0x00000000e0f80000)
  from space 19456K, 93% used [0x00000000e0f80000,0x00000000e215c248,0x00000000e2280000)
  to   space 21504K, 0% used [0x00000000e4f80000,0x00000000e4f80000,0x00000000e6480000)
 ParOldGen       total 133632K, used 26931K [0x0000000080000000, 0x0000000088280000, 0x00000000d5580000)
  object space 133632K, 20% used [0x0000000080000000,0x0000000081a4cd40,0x0000000088280000)
 Metaspace       used 65960K, capacity 69262K, committed 69464K, reserved 1110016K
  class space    used 8960K, capacity 9538K, committed 9600K, reserved 1048576K
}
Event: 27.855 GC heap before
{Heap before GC invocations=15 (full 3):
 PSYoungGen      total 209920K, used 208752K [0x00000000d5580000, 0x00000000e6480000, 0x0000000100000000)
  eden space 190464K, 100% used [0x00000000d5580000,0x00000000e0f80000,0x00000000e0f80000)
  from space 19456K, 93% used [0x00000000e0f80000,0x00000000e215c248,0x00000000e2280000)
  to   space 21504K, 0% used [0x00000000e4f80000,0x00000000e4f80000,0x00000000e6480000)
 ParOldGen       total 133632K, used 26931K [0x0000000080000000, 0x0000000088280000, 0x00000000d5580000)
  object space 133632K, 20% used [0x0000000080000000,0x0000000081a4cd40,0x0000000088280000)
 Metaspace       used 69186K, capacity 72636K, committed 72792K, reserved 1112064K
  class space    used 9397K, capacity 10031K, committed 10112K, reserved 1048576K
Event: 27.874 GC heap after
Heap after GC invocations=15 (full 3):
 PSYoungGen      total 250880K, used 17674K [0x00000000d5580000, 0x00000000e6380000, 0x0000000100000000)
  eden space 230400K, 0% used [0x00000000d5580000,0x00000000d5580000,0x00000000e3680000)
  from space 20480K, 86% used [0x00000000e4f80000,0x00000000e60c29e0,0x00000000e6380000)
  to   space 23040K, 0% used [0x00000000e3680000,0x00000000e3680000,0x00000000e4d00000)
 ParOldGen       total 133632K, used 26939K [0x0000000080000000, 0x0000000088280000, 0x00000000d5580000)
  object space 133632K, 20% used [0x0000000080000000,0x0000000081a4ed40,0x0000000088280000)
 Metaspace       used 69186K, capacity 72636K, committed 72792K, reserved 1112064K
  class space    used 9397K, capacity 10031K, committed 10112K, reserved 1048576K
}
Event: 41.563 GC heap before
{Heap before GC invocations=16 (full 3):
 PSYoungGen      total 250880K, used 248074K [0x00000000d5580000, 0x00000000e6380000, 0x0000000100000000)
  eden space 230400K, 100% used [0x00000000d5580000,0x00000000e3680000,0x00000000e3680000)
  from space 20480K, 86% used [0x00000000e4f80000,0x00000000e60c29e0,0x00000000e6380000)
  to   space 23040K, 0% used [0x00000000e3680000,0x00000000e3680000,0x00000000e4d00000)
 ParOldGen       total 133632K, used 26939K [0x0000000080000000, 0x0000000088280000, 0x00000000d5580000)
  object space 133632K, 20% used [0x0000000080000000,0x0000000081a4ed40,0x0000000088280000)
 Metaspace       used 72685K, capacity 76416K, committed 76632K, reserved 1116160K
  class space    used 9902K, capacity 10601K, committed 10624K, reserved 1048576K
Event: 41.583 GC heap after
Heap after GC invocations=16 (full 3):
 PSYoungGen      total 253440K, used 19082K [0x00000000d5580000, 0x00000000e8e80000, 0x0000000100000000)
  eden space 230400K, 0% used [0x00000000d5580000,0x00000000d5580000,0x00000000e3680000)
  from space 23040K, 82% used [0x00000000e3680000,0x00000000e4922bb0,0x00000000e4d00000)
  to   space 24576K, 0% used [0x00000000e7680000,0x00000000e7680000,0x00000000e8e80000)
 ParOldGen       total 133632K, used 26947K [0x0000000080000000, 0x0000000088280000, 0x00000000d5580000)
  object space 133632K, 20% used [0x0000000080000000,0x0000000081a50d40,0x0000000088280000)
 Metaspace       used 72685K, capacity 76416K, committed 76632K, reserved 1116160K
  class space    used 9902K, capacity 10601K, committed 10624K, reserved 1048576K
}

