# JRE version: OpenJDK Runtime Environment (8.0_152-b01) (build 1.8.0_152-release-1343-b01)
# Java VM: OpenJDK 64-Bit Server VM (25.152-b01 mixed mode windows-amd64 compressed oops)
Heap:
 PSYoungGen      total 385024K, used 134612K [0x00000000d5580000, 0x00000000ee780000, 0x0000000100000000)
  eden space 358400K, 34% used [0x00000000d5580000,0x00000000dcf07340,0x00000000eb380000)
  from space 26624K, 38% used [0x00000000eb380000,0x00000000ebd6e088,0x00000000ecd80000)
  to   space 22528K, 0% used [0x00000000ed180000,0x00000000ed180000,0x00000000ee780000)
 ParOldGen       total 132096K, used 85949K [0x0000000080000000, 0x0000000088100000, 0x00000000d5580000)
  object space 132096K, 65% used [0x0000000080000000,0x00000000853ef6a8,0x0000000088100000)
 Metaspace       used 88278K, capacity 93824K, committed 94100K, reserved 1130496K
  class space    used 11661K, capacity 12608K, committed 12732K, reserved 1048576K
GC Heap History (10 events):
Event: 19.295 GC heap before
{Heap before GC invocations=23 (full 3):
 PSYoungGen      total 273408K, used 266293K [0x00000000d5580000, 0x00000000e9780000, 0x0000000100000000)
  eden space 248320K, 100% used [0x00000000d5580000,0x00000000e4800000,0x00000000e4800000)
  from space 25088K, 71% used [0x00000000e4800000,0x00000000e598d740,0x00000000e6080000)
  to   space 26112K, 0% used [0x00000000e7e00000,0x00000000e7e00000,0x00000000e9780000)
 ParOldGen       total 132096K, used 62799K [0x0000000080000000, 0x0000000088100000, 0x00000000d5580000)
  object space 132096K, 47% used [0x0000000080000000,0x0000000083d53e80,0x0000000088100000)
 Metaspace       used 86181K, capacity 91536K, committed 91668K, reserved 1128448K
  class space    used 11441K, capacity 12348K, committed 12348K, reserved 1048576K
Event: 19.312 GC heap after
Heap after GC invocations=23 (full 3):
 PSYoungGen      total 303616K, used 16784K [0x00000000d5580000, 0x00000000e9b00000, 0x0000000100000000)
  eden space 277504K, 0% used [0x00000000d5580000,0x00000000d5580000,0x00000000e6480000)
  from space 26112K, 64% used [0x00000000e7e00000,0x00000000e8e641f0,0x00000000e9780000)
  to   space 26112K, 0% used [0x00000000e6480000,0x00000000e6480000,0x00000000e7e00000)
 ParOldGen       total 132096K, used 62807K [0x0000000080000000, 0x0000000088100000, 0x00000000d5580000)
  object space 132096K, 47% used [0x0000000080000000,0x0000000083d55e80,0x0000000088100000)
 Metaspace       used 86181K, capacity 91536K, committed 91668K, reserved 1128448K
  class space    used 11441K, capacity 12348K, committed 12348K, reserved 1048576K
}
Event: 19.323 GC heap before
{Heap before GC invocations=24 (full 3):
 PSYoungGen      total 303616K, used 22207K [0x00000000d5580000, 0x00000000e9b00000, 0x0000000100000000)
  eden space 277504K, 1% used [0x00000000d5580000,0x00000000d5acbac8,0x00000000e6480000)
  from space 26112K, 64% used [0x00000000e7e00000,0x00000000e8e641f0,0x00000000e9780000)
  to   space 26112K, 0% used [0x00000000e6480000,0x00000000e6480000,0x00000000e7e00000)
 ParOldGen       total 132096K, used 62807K [0x0000000080000000, 0x0000000088100000, 0x00000000d5580000)
  object space 132096K, 47% used [0x0000000080000000,0x0000000083d55e80,0x0000000088100000)
 Metaspace       used 86181K, capacity 91536K, committed 91668K, reserved 1128448K
  class space    used 11441K, capacity 12348K, committed 12348K, reserved 1048576K
Event: 19.342 GC heap after
Heap after GC invocations=24 (full 3):
 PSYoungGen      total 303616K, used 16958K [0x00000000d5580000, 0x00000000eeb00000, 0x0000000100000000)
  eden space 277504K, 0% used [0x00000000d5580000,0x00000000d5580000,0x00000000e6480000)
  from space 26112K, 64% used [0x00000000e6480000,0x00000000e750fb58,0x00000000e7e00000)
  to   space 26112K, 0% used [0x00000000ed180000,0x00000000ed180000,0x00000000eeb00000)
 ParOldGen       total 132096K, used 62815K [0x0000000080000000, 0x0000000088100000, 0x00000000d5580000)
  object space 132096K, 47% used [0x0000000080000000,0x0000000083d57e80,0x0000000088100000)
 Metaspace       used 86181K, capacity 91536K, committed 91668K, reserved 1128448K
  class space    used 11441K, capacity 12348K, committed 12348K, reserved 1048576K
}
Event: 19.849 GC heap before
{Heap before GC invocations=25 (full 3):
 PSYoungGen      total 303616K, used 294462K [0x00000000d5580000, 0x00000000eeb00000, 0x0000000100000000)
  eden space 277504K, 100% used [0x00000000d5580000,0x00000000e6480000,0x00000000e6480000)
  from space 26112K, 64% used [0x00000000e6480000,0x00000000e750fb58,0x00000000e7e00000)
  to   space 26112K, 0% used [0x00000000ed180000,0x00000000ed180000,0x00000000eeb00000)
 ParOldGen       total 132096K, used 62815K [0x0000000080000000, 0x0000000088100000, 0x00000000d5580000)
  object space 132096K, 47% used [0x0000000080000000,0x0000000083d57e80,0x0000000088100000)
 Metaspace       used 86607K, capacity 91964K, committed 92052K, reserved 1128448K
  class space    used 11474K, capacity 12394K, committed 12476K, reserved 1048576K
Event: 19.871 GC heap after
Heap after GC invocations=25 (full 3):
 PSYoungGen      total 380928K, used 17745K [0x00000000d5580000, 0x00000000ee780000, 0x0000000100000000)
  eden space 358400K, 0% used [0x00000000d5580000,0x00000000d5580000,0x00000000eb380000)
  from space 22528K, 78% used [0x00000000ed180000,0x00000000ee2d46c0,0x00000000ee780000)
  to   space 26624K, 0% used [0x00000000eb380000,0x00000000eb380000,0x00000000ecd80000)
 ParOldGen       total 132096K, used 70889K [0x0000000080000000, 0x0000000088100000, 0x00000000d5580000)
  object space 132096K, 53% used [0x0000000080000000,0x000000008453a608,0x0000000088100000)
 Metaspace       used 86607K, capacity 91964K, committed 92052K, reserved 1128448K
  class space    used 11474K, capacity 12394K, committed 12476K, reserved 1048576K
}
Event: 20.541 GC heap before
{Heap before GC invocations=26 (full 3):
 PSYoungGen      total 380928K, used 376145K [0x00000000d5580000, 0x00000000ee780000, 0x0000000100000000)
  eden space 358400K, 100% used [0x00000000d5580000,0x00000000eb380000,0x00000000eb380000)
  from space 22528K, 78% used [0x00000000ed180000,0x00000000ee2d46c0,0x00000000ee780000)
  to   space 26624K, 0% used [0x00000000eb380000,0x00000000eb380000,0x00000000ecd80000)
 ParOldGen       total 132096K, used 70889K [0x0000000080000000, 0x0000000088100000, 0x00000000d5580000)
  object space 132096K, 53% used [0x0000000080000000,0x000000008453a608,0x0000000088100000)
 Metaspace       used 86974K, capacity 92452K, committed 92564K, reserved 1130496K
  class space    used 11508K, capacity 12438K, committed 12476K, reserved 1048576K
Event: 20.556 GC heap after
Heap after GC invocations=26 (full 3):
 PSYoungGen      total 385024K, used 16803K [0x00000000d5580000, 0x00000000ee780000, 0x0000000100000000)
  eden space 358400K, 0% used [0x00000000d5580000,0x00000000d5580000,0x00000000eb380000)
  from space 26624K, 63% used [0x00000000eb380000,0x00000000ec3e8e08,0x00000000ecd80000)
  to   space 22528K, 0% used [0x00000000ed180000,0x00000000ed180000,0x00000000ee780000)
 ParOldGen       total 132096K, used 73953K [0x0000000080000000, 0x0000000088100000, 0x00000000d5580000)
  object space 132096K, 55% used [0x0000000080000000,0x0000000084838718,0x0000000088100000)
 Metaspace       used 86974K, capacity 92452K, committed 92564K, reserved 1130496K
  class space    used 11508K, capacity 12438K, committed 12476K, reserved 1048576K
}
Event: 21.299 GC heap before
{Heap before GC invocations=27 (full 3):
 PSYoungGen      total 385024K, used 375203K [0x00000000d5580000, 0x00000000ee780000, 0x0000000100000000)
  eden space 358400K, 100% used [0x00000000d5580000,0x00000000eb380000,0x00000000eb380000)
  from space 26624K, 63% used [0x00000000eb380000,0x00000000ec3e8e08,0x00000000ecd80000)
  to   space 22528K, 0% used [0x00000000ed180000,0x00000000ed180000,0x00000000ee780000)
 ParOldGen       total 132096K, used 73953K [0x0000000080000000, 0x0000000088100000, 0x00000000d5580000)
  object space 132096K, 55% used [0x0000000080000000,0x0000000084838718,0x0000000088100000)
 Metaspace       used 87426K, capacity 92932K, committed 93204K, reserved 1130496K
  class space    used 11551K, capacity 12480K, committed 12604K, reserved 1048576K
Event: 21.326 GC heap after
Heap after GC invocations=27 (full 3):
 PSYoungGen      total 380928K, used 14385K [0x00000000d5580000, 0x00000000ee780000, 0x0000000100000000)
  eden space 358400K, 0% used [0x00000000d5580000,0x00000000d5580000,0x00000000eb380000)
  from space 22528K, 63% used [0x00000000ed180000,0x00000000edf8c5c8,0x00000000ee780000)
  to   space 26624K, 0% used [0x00000000eb380000,0x00000000eb380000,0x00000000ecd80000)
 ParOldGen       total 132096K, used 76229K [0x0000000080000000, 0x0000000088100000, 0x00000000d5580000)
  object space 132096K, 57% used [0x0000000080000000,0x0000000084a71640,0x0000000088100000)
 Metaspace       used 87426K, capacity 92932K, committed 93204K, reserved 1130496K
  class space    used 11551K, capacity 12480K, committed 12604K, reserved 1048576K
}

